<?xml version="1.0" encoding="UTF-8"?>
<!-- Generated by org.testng.reporters.JUnitReportReporter -->
<testsuite hostname="DESKTOP-RR59EM6" name="demo.Testng_multigroups_demo" tests="4" failures="0" timestamp="6 Oct 2020 12:12:16 GMT" time="0.020" errors="0">
  <testcase name="test2" time="0.002" classname="demo.Testng_multigroups_demo"/>
  <testcase name="test1" time="0.016" classname="demo.Testng_multigroups_demo"/>
  <testcase name="test3" time="0.000" classname="demo.Testng_multigroups_demo"/>
  <testcase name="test4" time="0.002" classname="demo.Testng_multigroups_demo"/>
</testsuite> <!-- demo.Testng_multigroups_demo -->
