<?xml version="1.0" encoding="UTF-8"?>
<!-- Generated by org.testng.reporters.JUnitReportReporter -->
<testsuite hostname="DESKTOP-RR59EM6" name="demo.Testng_paramaters" tests="1" failures="0" timestamp="6 Oct 2020 17:31:02 GMT" time="0.014" errors="0">
  <testcase name="test1" time="0.014" classname="demo.Testng_paramaters"/>
</testsuite> <!-- demo.Testng_paramaters -->
