<?xml version="1.0" encoding="UTF-8"?>
<!-- Generated by org.testng.reporters.JUnitReportReporter -->
<testsuite hostname="DESKTOP-RR59EM6" name="demo.Testng_priority" tests="3" failures="0" timestamp="5 Oct 2020 06:55:36 GMT" time="0.025" errors="0">
  <testcase name="test3" time="0.006" classname="demo.Testng_priority"/>
  <testcase name="test1" time="0.017" classname="demo.Testng_priority"/>
  <testcase name="test2" time="0.002" classname="demo.Testng_priority"/>
</testsuite> <!-- demo.Testng_priority -->
