<?xml version="1.0" encoding="UTF-8"?>
<!-- Generated by org.testng.reporters.JUnitReportReporter -->
<testsuite hostname="DESKTOP-RR59EM6" name="test.ExtentReports_Testng" tests="1" failures="0" timestamp="27 Sep 2020 06:58:15 GMT" time="8.523" errors="0">
  <testcase name="test1" time="8.523" classname="test.ExtentReports_Testng"/>
</testsuite> <!-- test.ExtentReports_Testng -->
