<?xml version="1.0" encoding="UTF-8"?>
<!-- Generated by org.testng.reporters.JUnitReportReporter -->
<testsuite hostname="DESKTOP-RR59EM6" name="demo.Testng_Multi_browser" tests="3" failures="0" timestamp="5 Oct 2020 11:42:10 GMT" time="45.999" errors="0">
  <testcase name="Test1" time="17.598" classname="demo.Testng_Multi_browser"/>
  <testcase name="Test1" time="14.567" classname="demo.Testng_Multi_browser"/>
  <testcase name="Test1" time="13.834" classname="demo.Testng_Multi_browser"/>
</testsuite> <!-- demo.Testng_Multi_browser -->
