<?xml version="1.0" encoding="UTF-8"?>
<!-- Generated by org.testng.reporters.JUnitReportReporter -->
<testsuite hostname="DESKTOP-RR59EM6" name="demo.Testng_multigroups_demo" tests="4" failures="0" timestamp="21 Oct 2020 11:07:36 GMT" time="0.037" errors="0">
  <testcase name="test4" time="0.001" classname="demo.Testng_multigroups_demo"/>
  <testcase name="test2" time="0.004" classname="demo.Testng_multigroups_demo"/>
  <testcase name="test1" time="0.029" classname="demo.Testng_multigroups_demo"/>
  <testcase name="test3" time="0.003" classname="demo.Testng_multigroups_demo"/>
</testsuite> <!-- demo.Testng_multigroups_demo -->
