<?xml version="1.0" encoding="UTF-8"?>
<!-- Generated by org.testng.reporters.JUnitReportReporter -->
<testsuite hostname="DESKTOP-RR59EM6" name="demo.Testng_dependencies" tests="4" failures="0" timestamp="6 Oct 2020 18:21:51 GMT" time="0.027" errors="0">
  <testcase name="test1" time="0.004" classname="demo.Testng_dependencies"/>
  <testcase name="test2" time="0.006" classname="demo.Testng_dependencies"/>
  <testcase name="test3" time="0.015" classname="demo.Testng_dependencies"/>
  <testcase name="test4" time="0.002" classname="demo.Testng_dependencies"/>
</testsuite> <!-- demo.Testng_dependencies -->
