<?xml version="1.0" encoding="UTF-8"?>
<!-- Generated by org.testng.reporters.JUnitReportReporter -->
<testsuite hostname="DESKTOP-RR59EM6" name="test.Testng_demo2" tests="1" failures="0" timestamp="28 Sep 2020 08:00:11 GMT" time="8.595" errors="0">
  <testcase name="google_search3" time="8.595" classname="test.Testng_demo2"/>
</testsuite> <!-- test.Testng_demo2 -->
