<?xml version="1.0" encoding="UTF-8"?>
<!-- Generated by org.testng.reporters.JUnitReportReporter -->
<testsuite hostname="DESKTOP-RR59EM6" name="demo.Orangehrm_demo" tests="1" failures="0" timestamp="26 Oct 2020 04:15:47 GMT" time="12.243" errors="0">
  <testcase name="test1" time="12.243" classname="demo.Orangehrm_demo"/>
</testsuite> <!-- demo.Orangehrm_demo -->
