<?xml version="1.0" encoding="UTF-8"?>
<!-- Generated by org.testng.reporters.JUnitReportReporter -->
<testsuite hostname="DESKTOP-RR59EM6" name="test.Testng_demo" tests="1" failures="0" timestamp="2 Oct 2020 12:19:04 GMT" time="12.343" errors="0">
  <testcase name="google_search" time="12.343" classname="test.Testng_demo"/>
</testsuite> <!-- test.Testng_demo -->
