<?xml version="1.0" encoding="UTF-8"?>
<!-- Generated by org.testng.reporters.JUnitReportReporter -->
<testsuite hostname="DESKTOP-RR59EM6" name="test.ExtentReports_Testng" tests="1" failures="0" timestamp="30 Dec 2020 19:53:33 GMT" time="8.920" errors="0">
  <testcase name="test1" time="8.920" classname="test.ExtentReports_Testng"/>
</testsuite> <!-- test.ExtentReports_Testng -->
