<?xml version="1.0" encoding="UTF-8"?>
<!-- Generated by org.testng.reporters.JUnitReportReporter -->
<testsuite hostname="DESKTOP-RR59EM6" name="test.Google_search_testTest" tests="1" failures="0" timestamp="17 Jan 2021 10:59:26 GMT" time="41.620" errors="0">
  <testcase name="googelsearchtest1" time="41.620" classname="test.Google_search_testTest"/>
</testsuite> <!-- test.Google_search_testTest -->
